\BOOKMARK [0][-]{chapter.1}{\376\377\000F\000u\000n\000d\000a\000m\000e\000n\000t\000a\000l\000s}{}% 1
\BOOKMARK [1][-]{section.1.1}{\376\377\000T\000o\000n\000e\000s}{chapter.1}% 2
\BOOKMARK [2][-]{subsection.1.1.1}{\376\377\000F\000r\000e\000q\000u\000e\000n\000c\000i\000e\000s}{section.1.1}% 3
\BOOKMARK [2][-]{subsection.1.1.2}{\376\377\000E\000u\000l\000e\000r\000\040\000S\000p\000a\000c\000e}{section.1.1}% 4
\BOOKMARK [2][-]{subsection.1.1.3}{\376\377\000O\000c\000t\000a\000v\000e\000\040\000e\000q\000u\000i\000v\000a\000l\000e\000n\000c\000e}{section.1.1}% 5
\BOOKMARK [2][-]{subsection.1.1.4}{\376\377\000T\000o\000n\000n\000e\000t\000z}{section.1.1}% 6
\BOOKMARK [1][-]{section.1.2}{\376\377\000P\000i\000t\000c\000h\000\040\000c\000l\000a\000s\000s\000e\000s}{chapter.1}% 7
\BOOKMARK [2][-]{subsection.1.2.1}{\376\377\000E\000n\000h\000a\000r\000m\000o\000n\000i\000c\000\040\000e\000q\000u\000i\000v\000a\000l\000e\000n\000c\000e}{section.1.2}% 8
\BOOKMARK [2][-]{subsection.1.2.2}{\376\377\000O\000t\000h\000e\000r\000\040\000i\000n\000v\000a\000r\000i\000a\000n\000c\000e\000s}{section.1.2}% 9
\BOOKMARK [2][-]{subsection.1.2.3}{\376\377\000T\000u\000n\000i\000n\000g\000\040\000/\000\040\000T\000e\000m\000p\000e\000r\000a\000m\000e\000n\000t}{section.1.2}% 10
\BOOKMARK [1][-]{section.1.3}{\376\377\000I\000n\000t\000e\000r\000v\000a\000l\000s}{chapter.1}% 11
\BOOKMARK [2][-]{subsection.1.3.1}{\376\377\000G\000I\000S\000s}{section.1.3}% 12
\BOOKMARK [0][-]{chapter.2}{\376\377\000S\000c\000a\000l\000e\000s\000\040\000a\000n\000d\000\040\000M\000o\000d\000e\000s}{}% 13
\BOOKMARK [1][-]{section.2.1}{\376\377\000I\000n\000d\000i\000a\000n\000\040\000c\000l\000a\000s\000s\000i\000c\000a\000l\000\040\000m\000u\000s\000i\000c}{chapter.2}% 14
\BOOKMARK [1][-]{section.2.2}{\376\377\000T\000u\000r\000k\000i\000s\000h\000\040\000M\000a\000q\000a\000m}{chapter.2}% 15
\BOOKMARK [1][-]{section.2.3}{\376\377\000A\000r\000a\000b\000-\000A\000n\000d\000a\000l\000u\000s\000i\000a\000n\000\040\000m\000u\000s\000i\000c}{chapter.2}% 16
\BOOKMARK [1][-]{section.2.4}{\376\377\000P\000e\000r\000s\000i\000a\000n\000\040\000M\000u\000s\000i\000c}{chapter.2}% 17
\BOOKMARK [1][-]{section.2.5}{\376\377\000W\000e\000s\000t\000e\000r\000n\000\040\000c\000l\000a\000s\000s\000i\000c\000a\000l\000\040\000m\000u\000s\000i\000c}{chapter.2}% 18
\BOOKMARK [2][-]{subsection.2.5.1}{\376\377\000T\000h\000e\000\040\000d\000i\000a\000t\000o\000n\000i\000c\000\040\000s\000c\000a\000l\000e}{section.2.5}% 19
\BOOKMARK [2][-]{subsection.2.5.2}{\376\377\000M\000o\000d\000e\000s}{section.2.5}% 20
\BOOKMARK [2][-]{subsection.2.5.3}{\376\377\000K\000e\000y\000s}{section.2.5}% 21
\BOOKMARK [1][-]{section.2.6}{\376\377\000J\000a\000z\000z}{chapter.2}% 22
\BOOKMARK [1][-]{section.2.7}{\376\377\000O\000t\000h\000e\000r\000\040\000s\000c\000a\000l\000e\000s}{chapter.2}% 23
\BOOKMARK [1][-]{section.2.8}{\376\377\000B\000a\000l\000i\000n\000e\000s\000e\000\040\000P\000e\000l\000o\000g\000\040\000a\000n\000d\000\040\000S\000l\000e\000n\000d\000r\000o}{chapter.2}% 24
\BOOKMARK [0][-]{chapter.3}{\376\377\000P\000i\000t\000c\000h\000-\000C\000l\000a\000s\000s\000\040\000S\000e\000t\000\040\000T\000h\000e\000o\000r\000y}{}% 25
\BOOKMARK [1][-]{section.3.1}{\376\377\000P\000i\000t\000c\000h\000\040\000c\000l\000a\000s\000s\000e\000s}{chapter.3}% 26
\BOOKMARK [2][-]{subsection.3.1.1}{\376\377\000O\000c\000t\000a\000v\000e\000\040\000e\000q\000u\000i\000v\000a\000l\000e\000n\000c\000e}{section.3.1}% 27
\BOOKMARK [2][-]{subsection.3.1.2}{\376\377\000E\000n\000h\000a\000r\000m\000o\000n\000i\000c\000\040\000e\000q\000u\000i\000v\000a\000l\000e\000n\000c\000e}{section.3.1}% 28
\BOOKMARK [1][-]{section.3.2}{\376\377\000I\000n\000t\000e\000r\000v\000a\000l\000s}{chapter.3}% 29
\BOOKMARK [2][-]{subsection.3.2.1}{\376\377\000P\000i\000t\000c\000h\000\040\000I\000n\000t\000e\000r\000v\000a\000l\000s}{section.3.2}% 30
\BOOKMARK [1][-]{section.3.3}{\376\377\000P\000i\000t\000c\000h\000-\000c\000l\000a\000s\000s\000\040\000s\000e\000t\000s}{chapter.3}% 31
\BOOKMARK [1][-]{section.3.4}{\376\377\000R\000e\000l\000a\000t\000i\000o\000n\000s\000h\000i\000p\000s}{chapter.3}% 32
\BOOKMARK [1][-]{section.3.5}{\376\377\000A\000d\000v\000a\000n\000c\000e\000d\000\040\000c\000o\000n\000c\000e\000p\000t\000s}{chapter.3}% 33
\BOOKMARK [1][-]{section.3.6}{\376\377\000T\000w\000e\000l\000v\000e\000-\000t\000o\000n\000e\000\040\000t\000h\000e\000o\000r\000y}{chapter.3}% 34
\BOOKMARK [0][-]{chapter.4}{\376\377\000T\000i\000m\000e}{}% 35
\BOOKMARK [1][-]{section.4.1}{\376\377\000N\000o\000t\000e\000s}{chapter.4}% 36
\BOOKMARK [1][-]{section.4.2}{\376\377\000R\000h\000y\000t\000h\000m}{chapter.4}% 37
\BOOKMARK [1][-]{section.4.3}{\376\377\000M\000e\000t\000e\000r}{chapter.4}% 38
\BOOKMARK [1][-]{section.4.4}{\376\377\000M\000u\000s\000i\000c\000a\000l\000\040\000t\000i\000m\000e\000\040\000v\000s\000.\000\040\000p\000e\000r\000f\000o\000r\000m\000a\000n\000c\000e\000\040\000t\000i\000m\000e}{chapter.4}% 39
\BOOKMARK [0][-]{chapter.5}{\376\377\000H\000a\000r\000m\000o\000n\000y}{}% 40
\BOOKMARK [1][-]{section.5.1}{\376\377\000T\000r\000a\000n\000s\000f\000o\000r\000m\000a\000t\000i\000o\000n\000a\000l\000\040\000t\000h\000e\000o\000r\000y}{chapter.5}% 41
\BOOKMARK [0][-]{chapter.6}{\376\377\000P\000i\000t\000c\000h\000-\000c\000l\000a\000s\000s\000\040\000b\000a\000s\000e\000d\000\040\000m\000u\000s\000i\000c\000\040\000a\000n\000a\000l\000y\000s\000i\000s}{}% 42
\BOOKMARK [1][-]{section.6.1}{\376\377\000F\000r\000e\000q\000u\000e\000n\000c\000y\000\040\000s\000p\000a\000c\000e}{chapter.6}% 43
\BOOKMARK [1][-]{section.6.2}{\376\377\000P\000i\000t\000c\000h\000\040\000s\000p\000a\000c\000e}{chapter.6}% 44
\BOOKMARK [1][-]{section.6.3}{\376\377\000T\000r\000a\000n\000s\000f\000o\000r\000m\000a\000t\000i\000o\000n\000s\000\040\000o\000f\000\040\000t\000o\000n\000a\000l\000\040\000s\000p\000a\000c\000e\000s\000.}{chapter.6}% 45
\BOOKMARK [1][-]{section.6.4}{\376\377\000G\000e\000n\000e\000r\000a\000l\000i\000z\000e\000d\000\040\000I\000n\000t\000e\000r\000v\000a\000l\000\040\000S\000y\000s\000t\000e\000m\000s}{chapter.6}% 46
\BOOKMARK [1][-]{section.6.5}{\376\377\000M\000o\000d\000e\000l\000s\000\040\000o\000f\000\040\000p\000i\000t\000c\000h\000\040\000s\000p\000a\000c\000e}{chapter.6}% 47
\BOOKMARK [2][-]{subsection.6.5.1}{\376\377\000T\000h\000e\000\040\000b\000a\000g\000-\000o\000f\000-\000n\000o\000t\000e\000s\000\040\000m\000o\000d\000e\000l}{section.6.5}% 48
\BOOKMARK [1][-]{section.6.6}{\376\377\000D\000a\000t\000a\000s\000e\000t}{chapter.6}% 49
\BOOKMARK [0][-]{chapter.7}{\376\377\000T\000o\000n\000a\000l\000\040\000p\000i\000t\000c\000h\000-\000c\000l\000a\000s\000s\000\040\000d\000i\000s\000t\000r\000i\000b\000u\000t\000i\000o\000n\000s}{}% 50
\BOOKMARK [0][-]{chapter.8}{\376\377\000H\000i\000s\000t\000o\000r\000i\000c\000a\000l\000\040\000u\000s\000a\000g\000e\000\040\000o\000f\000\040\000t\000o\000n\000a\000l\000\040\000p\000i\000t\000c\000h\000\040\000c\000l\000a\000s\000s\000e\000s}{}% 51
\BOOKMARK [1][-]{section.8.1}{\376\377\000M\000o\000d\000e\000l\000i\000n\000g\000\040\000t\000o\000n\000a\000l\000\040\000p\000i\000t\000c\000h\000-\000c\000l\000a\000s\000s\000\040\000e\000v\000o\000l\000u\000t\000i\000o\000n}{chapter.8}% 52
\BOOKMARK [1][-]{section.8.2}{\376\377\000V\000a\000r\000i\000a\000b\000i\000l\000i\000t\000y\000\040\000i\000n\000\040\000t\000o\000n\000a\000l\000\040\000p\000i\000t\000c\000h\000-\000c\000l\000a\000s\000s\000\040\000u\000s\000a\000g\000e}{chapter.8}% 53
\BOOKMARK [0][-]{chapter.9}{\376\377\000T\000o\000n\000a\000l\000\040\000p\000i\000t\000c\000h\000-\000c\000l\000a\000s\000s\000\040\000c\000o\000e\000v\000o\000l\000u\000t\000i\000o\000n}{}% 54
\BOOKMARK [1][-]{section.9.1}{\376\377\000M\000o\000d\000e\000l\000i\000n\000g\000\040\000t\000o\000n\000a\000l\000\040\000p\000i\000t\000c\000h\000-\000c\000l\000a\000s\000s\000\040\000c\000o\000e\000v\000o\000l\000u\000t\000i\000o\000n}{chapter.9}% 55
\BOOKMARK [1][-]{section.9.2}{\376\377\000D\000e\000c\000i\000p\000h\000e\000r\000i\000n\000g\000\040\000p\000i\000t\000c\000h\000-\000c\000l\000a\000s\000s\000\040\000c\000o\000e\000v\000o\000l\000u\000t\000i\000o\000n}{chapter.9}% 56
\BOOKMARK [1][-]{section.9.3}{\376\377\000T\000P\000C\000\040\000c\000o\000e\000v\000o\000l\000u\000t\000i\000o\000n\000\040\000p\000e\000r\000\040\000h\000i\000s\000t\000o\000r\000i\000c\000a\000l\000\040\000p\000e\000r\000i\000o\000d}{chapter.9}% 57
\BOOKMARK [0][-]{chapter.10}{\376\377\000D\000i\000a\000t\000o\000n\000i\000c\000i\000s\000m\000\040\040\024\000\040\000C\000h\000r\000o\000m\000a\000t\000i\000c\000i\000s\000m\000\040\040\024\000\040\000E\000n\000h\000a\000r\000m\000o\000n\000i\000c\000i\000s\000m}{}% 58
\BOOKMARK [1][-]{section.10.1}{\376\377\000E\000x\000p\000a\000n\000s\000i\000o\000n\000\040\000o\000f\000\040\000t\000o\000n\000a\000l\000\040\000m\000a\000t\000e\000r\000i\000a\000l}{chapter.10}% 59
\BOOKMARK [1][-]{section.10.2}{\376\377\000E\000x\000p\000a\000n\000s\000i\000o\000n\000\040\000o\000f\000\040\000l\000o\000c\000a\000l\000\040\000h\000a\000r\000m\000o\000n\000i\000c\000\040\000c\000o\000n\000t\000e\000n\000t}{chapter.10}% 60
\BOOKMARK [2][-]{subsection.10.2.1}{\376\377\000O\000v\000e\000r\000\040\000t\000i\000m\000e}{section.10.2}% 61
\BOOKMARK [1][-]{section.10.3}{\376\377\000E\000n\000h\000a\000r\000m\000o\000n\000i\000c\000\040\000s\000p\000e\000c\000t\000r\000u\000m}{chapter.10}% 62
\BOOKMARK [1][-]{section.10.4}{\376\377\000T\000o\000n\000a\000l\000\040\000C\000e\000n\000t\000e\000r\000s}{chapter.10}% 63
\BOOKMARK [2][-]{subsection.10.4.1}{\376\377\000N\000u\000m\000b\000e\000r\000\040\000o\000f\000\040\000T\000o\000n\000a\000l\000\040\000C\000e\000n\000t\000e\000r\000s}{section.10.4}% 64
\BOOKMARK [2][-]{subsection.10.4.2}{\376\377\000D\000i\000s\000t\000a\000n\000c\000e\000\040\000o\000f\000\040\000T\000o\000n\000a\000l\000\040\000C\000e\000n\000t\000e\000r\000s}{section.10.4}% 65
\BOOKMARK [2][-]{subsection.10.4.3}{\376\377\000D\000i\000v\000e\000r\000g\000e\000n\000c\000e\000\040\000o\000n\000\040\000t\000h\000e\000\040\000T\000o\000n\000n\000e\000t\000z}{section.10.4}% 66
\BOOKMARK [0][-]{chapter.11}{\376\377\000D\000i\000a\000c\000h\000r\000o\000n\000i\000c\000\040\000a\000n\000d\000\040\000S\000y\000n\000c\000h\000r\000o\000n\000i\000c\000\040\000T\000o\000n\000a\000l\000\040\000S\000t\000y\000l\000e\000s}{}% 67
\BOOKMARK [1][-]{section.11.1}{\376\377\000C\000l\000u\000s\000t\000e\000r\000i\000n\000g}{chapter.11}% 68
\BOOKMARK [1][-]{section.11.2}{\376\377\000P\000r\000i\000n\000c\000i\000p\000a\000l\000\040\000C\000o\000m\000p\000o\000n\000e\000n\000t\000\040\000A\000n\000a\000l\000y\000s\000i\000s}{chapter.11}% 69
\BOOKMARK [1][-]{section.11.3}{\376\377\000A\000n\000a\000l\000y\000s\000i\000s\000\040\000o\000f\000\040\000S\000t\000y\000l\000e\000s}{chapter.11}% 70
\BOOKMARK [0][-]{chapter.12}{\376\377\000T\000o\000p\000i\000c\000\040\000M\000o\000d\000e\000l\000i\000n\000g\000\040\000w\000i\000t\000h\000\040\000L\000a\000t\000e\000n\000t\000\040\000D\000i\000r\000i\000c\000h\000l\000e\000t\000\040\000A\000l\000l\000o\000c\000a\000t\000i\000o\000n\000\040\000\050\000L\000D\000A\000\051}{}% 71
\BOOKMARK [1][-]{section.12.1}{\376\377\000B\000a\000c\000k\000g\000r\000o\000u\000n\000d}{chapter.12}% 72
\BOOKMARK [2][-]{subsection.12.1.1}{\376\377\000D\000e\000f\000i\000n\000i\000t\000i\000o\000n\000s\000\040\000a\000n\000d\000\040\000A\000s\000s\000u\000m\000p\000t\000i\000o\000n\000s}{section.12.1}% 73
\BOOKMARK [1][-]{section.12.2}{\376\377\000A\000\040\000g\000e\000n\000e\000r\000a\000t\000i\000v\000e\000\040\000m\000o\000d\000e\000l\000\040\000f\000o\000r\000\040\000a\000\040\000m\000u\000s\000i\000c\000a\000l\000\040\000p\000i\000e\000c\000e}{chapter.12}% 74
\BOOKMARK [2][-]{subsection.12.2.1}{\376\377\000I\000n\000f\000e\000r\000e\000n\000c\000e\000\040\000a\000n\000d\000\040\000L\000e\000a\000r\000n\000i\000n\000g}{section.12.2}% 75
\BOOKMARK [1][-]{section.12.3}{\376\377\000E\000x\000t\000e\000n\000s\000i\000o\000n\000\040\000o\000f\000\040\000t\000h\000e\000\040\000L\000D\000A\000\040\000m\000u\000s\000i\000c\000\040\000m\000o\000d\000e\000l}{chapter.12}% 76
\BOOKMARK [1][-]{section.12.4}{\376\377\000T\000o\000p\000i\000c\000s\000\040\000i\000n\000f\000e\000r\000r\000e\000d\000\040\000f\000r\000o\000m\000\040\000t\000h\000e\000\040\000c\000o\000r\000p\000u\000s}{chapter.12}% 77
\BOOKMARK [1][-]{section.12.5}{\376\377\000N\000u\000m\000b\000e\000r\000\040\000o\000f\000\040\000t\000o\000p\000i\000c\000s\000\040\000r\000e\000v\000e\000a\000l\000s\000\040\000h\000i\000e\000r\000a\000r\000c\000h\000y\000\040\000o\000f\000\040\000t\000o\000n\000a\000l\000i\000t\000y}{chapter.12}% 78
\BOOKMARK [1][-]{section.12.6}{\376\377\000H\000i\000s\000t\000o\000r\000i\000c\000a\000l\000\040\000i\000n\000f\000e\000r\000e\000n\000c\000e\000s\000\040\000f\000o\000r\000\040\000e\000a\000c\000h\000\040\000v\000a\000l\000u\000e\000\040\000o\000f\000\040\000K}{chapter.12}% 79
\BOOKMARK [2][-]{subsection.12.6.1}{\376\377\000S\000l\000i\000d\000i\000n\000g\000\040\000w\000i\000n\000d\000o\000w\000s\000\040\000r\000e\000v\000e\000a\000l\000\040\000t\000r\000e\000n\000d\000s}{section.12.6}% 80
\BOOKMARK [1][-]{section.12.7}{\376\377\000T\000o\000p\000i\000c\000\040\000c\000o\000e\000v\000o\000l\000u\000t\000i\000o\000n}{chapter.12}% 81
\BOOKMARK [1][-]{section.12.8}{\376\377\000P\000i\000t\000c\000h\000\040\000c\000l\000a\000s\000s\000\040\040\023\000\040\000t\000o\000p\000i\000c\000\040\000c\000o\000e\000v\000o\000l\000u\000t\000i\000o\000n}{chapter.12}% 82
\BOOKMARK [2][-]{subsection.12.8.1}{\376\377\000B\000e\000y\000o\000n\000d\000\040\000t\000h\000e\000\040\000b\000a\000g\000-\000o\000f\000-\000n\000o\000t\000e\000s\000\040\000m\000o\000d\000e\000l\000:\000\040\000t\000h\000e\000\040\000H\000i\000d\000d\000e\000n\000\040\000M\000a\000r\000k\000o\000v\000\040\000T\000o\000p\000i\000c\000\040\000M\000o\000d\000e\000l\000\040\000\050\000H\000M\000T\000M\000\051}{section.12.8}% 83
\BOOKMARK [2][-]{subsection.12.8.2}{\376\377\000D\000i\000s\000c\000u\000s\000s\000i\000o\000n}{section.12.8}% 84
\BOOKMARK [0][-]{chapter.13}{\376\377\000D\000i\000g\000i\000t\000a\000l\000\040\000e\000n\000c\000o\000d\000i\000n\000g\000s\000\040\000o\000f\000\040\000m\000u\000s\000i\000c}{}% 85
\BOOKMARK [1][-]{section.13.1}{\376\377\000A\000u\000d\000i\000o}{chapter.13}% 86
\BOOKMARK [1][-]{section.13.2}{\376\377\000S\000y\000m\000b\000o\000l\000i\000c}{chapter.13}% 87
\BOOKMARK [0][-]{chapter.14}{\376\377\000S\000e\000g\000m\000e\000n\000t\000a\000t\000i\000o\000n}{}% 88
\BOOKMARK [1][-]{section.14.1}{\376\377\000F\000r\000e\000e\000\040\000s\000e\000g\000m\000e\000n\000t\000a\000t\000i\000o\000n}{chapter.14}% 89
\BOOKMARK [1][-]{section.14.2}{\376\377\000C\000o\000n\000t\000i\000g\000u\000o\000u\000s\000\040\000s\000e\000g\000m\000e\000n\000t\000a\000t\000i\000o\000n}{chapter.14}% 90
\BOOKMARK [1][-]{section.14.3}{\376\377\000H\000i\000e\000r\000a\000r\000c\000h\000i\000c\000a\000l\000\040\000s\000e\000g\000m\000e\000n\000t\000a\000t\000i\000o\000n}{chapter.14}% 91
\BOOKMARK [1][-]{section.14.4}{\376\377\000E\000x\000h\000a\000u\000s\000t\000i\000v\000e\000\040\000s\000e\000g\000m\000e\000n\000t\000a\000t\000i\000o\000n}{chapter.14}% 92
\BOOKMARK [0][-]{chapter.15}{\376\377\000A\000d\000v\000a\000n\000c\000e\000d\000\040\000a\000p\000p\000l\000i\000c\000a\000t\000i\000o\000n\000s}{}% 93
\BOOKMARK [1][-]{section.15.1}{\376\377\000P\000i\000t\000c\000h\000\040\000S\000p\000e\000l\000l\000i\000n\000g}{chapter.15}% 94
\BOOKMARK [1][-]{section.15.2}{\376\377\000S\000t\000y\000l\000e\000\040\000\050\000c\000l\000a\000s\000s\000i\000f\000i\000c\000a\000t\000i\000o\000n\000\051}{chapter.15}% 95
\BOOKMARK [2][-]{subsection.15.2.1}{\376\377\000F\000e\000a\000t\000u\000r\000e\000\040\000c\000l\000u\000s\000t\000e\000r\000i\000n\000g}{section.15.2}% 96
\BOOKMARK [2][-]{subsection.15.2.2}{\376\377\000H\000i\000e\000r\000a\000r\000c\000h\000i\000c\000a\000l\000\040\000c\000l\000u\000s\000t\000e\000r\000i\000n\000g}{section.15.2}% 97
\BOOKMARK [1][-]{section.15.3}{\376\377\000H\000i\000s\000t\000o\000r\000y}{chapter.15}% 98
\BOOKMARK [1][-]{section.15.4}{\376\377\000P\000e\000r\000f\000o\000r\000m\000a\000n\000c\000e}{chapter.15}% 99
\BOOKMARK [1][-]{section.15.5}{\376\377\000M\000o\000d\000e\000l\000i\000n\000g\000\040\000m\000u\000s\000i\000c\000a\000l\000\040\000s\000e\000q\000u\000e\000n\000c\000e\000s}{chapter.15}% 100
\BOOKMARK [2][-]{subsection.15.5.1}{\376\377\000H\000i\000e\000r\000a\000r\000c\000h\000i\000c\000a\000l\000\040\000t\000h\000e\000o\000r\000i\000e\000s}{section.15.5}% 101
\BOOKMARK [2][-]{subsection.15.5.2}{\376\377\000F\000o\000r\000m\000a\000l\000\040\000m\000o\000d\000e\000l\000s\000\040\000f\000o\000r\000\040\000m\000u\000s\000i\000c\000\040\000s\000e\000q\000u\000e\000n\000c\000e\000s}{section.15.5}% 102
\BOOKMARK [3][-]{subsubsection*.5}{\376\377\000R\000e\000g\000u\000l\000a\000r\000\040\000E\000x\000p\000r\000e\000s\000s\000i\000o\000n\000s}{subsection.15.5.2}% 103
\BOOKMARK [3][-]{subsubsection*.6}{\376\377\000n\000-\000g\000r\000a\000m\000\040\000m\000o\000d\000e\000l\000s}{subsection.15.5.2}% 104
\BOOKMARK [3][-]{subsubsection*.7}{\376\377\000H\000i\000d\000d\000e\000n\000\040\000M\000a\000r\000k\000o\000v\000\040\000m\000o\000d\000e\000l\000s}{subsection.15.5.2}% 105
\BOOKMARK [3][-]{subsubsection*.8}{\376\377\000P\000r\000o\000b\000a\000b\000i\000l\000i\000s\000t\000i\000c\000\040\000C\000o\000n\000t\000e\000x\000t\000-\000F\000r\000e\000e\000\040\000G\000r\000a\000m\000m\000a\000r\000s}{subsection.15.5.2}% 106
\BOOKMARK [3][-]{subsubsection*.9}{\376\377\000M\000o\000r\000e\000\040\000a\000d\000v\000a\000n\000c\000e\000d\000\040\000m\000o\000d\000e\000l\000s}{subsection.15.5.2}% 107
\BOOKMARK [0][-]{chapter.16}{\376\377\000D\000e\000v\000e\000l\000o\000p\000e\000r\000s}{}% 108
\BOOKMARK [1][-]{section.16.1}{\376\377\000A\000P\000I\000\040\000-\000\040\000g\000a\000m\000u\000t\000h}{chapter.16}% 109
\BOOKMARK [0][-]{chapter*.11}{\376\377\000B\000i\000b\000l\000i\000o\000g\000r\000a\000p\000h\000y}{}% 110
\BOOKMARK [0][-]{section*.12}{\376\377\000P\000y\000t\000h\000o\000n\000\040\000M\000o\000d\000u\000l\000e\000\040\000I\000n\000d\000e\000x}{}% 111
\BOOKMARK [0][-]{section*.13}{\376\377\000I\000n\000d\000e\000x}{}% 112
