\BOOKMARK [0][-]{chapter.1}{\376\377\000I\000n\000t\000r\000o\000d\000u\000c\000t\000i\000o\000n}{}% 1
\BOOKMARK [1][-]{section.1.1}{\376\377\000W\000h\000a\000t\000\040\000i\000s\000\040\000C\000M\000?}{chapter.1}% 2
\BOOKMARK [1][-]{section.1.2}{\376\377\000G\000e\000n\000e\000r\000a\000l\000\040\000n\000o\000t\000e\000s}{chapter.1}% 3
\BOOKMARK [1][-]{section.1.3}{\376\377\000N\000o\000t\000e\000s\000\040\000\050\000o\000l\000d\000\051}{chapter.1}% 4
\BOOKMARK [0][-]{chapter.2}{\376\377\000F\000u\000n\000d\000a\000m\000e\000n\000t\000a\000l\000s}{}% 5
\BOOKMARK [1][-]{section.2.1}{\376\377\000T\000o\000n\000e\000s}{chapter.2}% 6
\BOOKMARK [1][-]{section.2.2}{\376\377\000P\000i\000t\000c\000h\000\040\000c\000l\000a\000s\000s\000e\000s}{chapter.2}% 7
\BOOKMARK [1][-]{section.2.3}{\376\377\000I\000n\000t\000e\000r\000v\000a\000l\000s}{chapter.2}% 8
\BOOKMARK [1][-]{section.2.4}{\376\377\000P\000i\000t\000c\000h\000-\000C\000l\000a\000s\000s\000\040\000S\000e\000t\000s}{chapter.2}% 9
\BOOKMARK [1][-]{section.2.5}{\376\377\000W\000e\000s\000t\000e\000r\000n\000\040\000t\000o\000n\000a\000l\000\040\000m\000u\000s\000i\000c}{chapter.2}% 10
\BOOKMARK [1][-]{section.2.6}{\376\377\000T\000i\000m\000e}{chapter.2}% 11
\BOOKMARK [1][-]{section.2.7}{\376\377\000N\000o\000t\000e\000s\000\040\000o\000n\000\040\000S\000e\000g\000m\000e\000n\000t\000a\000t\000i\000o\000n}{chapter.2}% 12
\BOOKMARK [0][-]{chapter.3}{\376\377\000P\000i\000t\000c\000h\000-\000C\000l\000a\000s\000s\000\040\000S\000e\000t\000\040\000T\000h\000e\000o\000r\000y}{}% 13
\BOOKMARK [1][-]{section.3.1}{\376\377\000P\000i\000t\000c\000h\000\040\000c\000l\000a\000s\000s\000e\000s}{chapter.3}% 14
\BOOKMARK [1][-]{section.3.2}{\376\377\000I\000n\000t\000e\000r\000v\000a\000l\000s}{chapter.3}% 15
\BOOKMARK [1][-]{section.3.3}{\376\377\000P\000i\000t\000c\000h\000-\000c\000l\000a\000s\000s\000\040\000s\000e\000t\000s}{chapter.3}% 16
\BOOKMARK [1][-]{section.3.4}{\376\377\000R\000e\000l\000a\000t\000i\000o\000n\000s\000h\000i\000p\000s}{chapter.3}% 17
\BOOKMARK [1][-]{section.3.5}{\376\377\000A\000d\000v\000a\000n\000c\000e\000d\000\040\000c\000o\000n\000c\000e\000p\000t\000s}{chapter.3}% 18
\BOOKMARK [1][-]{section.3.6}{\376\377\000T\000w\000e\000l\000v\000e\000-\000t\000o\000n\000e\000\040\000t\000h\000e\000o\000r\000y}{chapter.3}% 19
\BOOKMARK [0][-]{chapter.4}{\376\377\000A\000d\000v\000a\000n\000c\000e\000d\000\040\000a\000p\000p\000l\000i\000c\000a\000t\000i\000o\000n\000s}{}% 20
\BOOKMARK [1][-]{section.4.1}{\376\377\000P\000i\000t\000c\000h\000\040\000S\000p\000e\000l\000l\000i\000n\000g}{chapter.4}% 21
\BOOKMARK [1][-]{section.4.2}{\376\377\000S\000t\000y\000l\000e\000\040\000\050\000c\000l\000a\000s\000s\000i\000f\000i\000c\000a\000t\000i\000o\000n\000\051}{chapter.4}% 22
\BOOKMARK [1][-]{section.4.3}{\376\377\000H\000i\000s\000t\000o\000r\000y}{chapter.4}% 23
\BOOKMARK [1][-]{section.4.4}{\376\377\000P\000e\000r\000f\000o\000r\000m\000a\000n\000c\000e}{chapter.4}% 24
\BOOKMARK [0][-]{chapter.5}{\376\377\000D\000e\000v\000e\000l\000o\000p\000e\000r\000s}{}% 25
\BOOKMARK [1][-]{section.5.1}{\376\377\000I\000n\000s\000t\000a\000l\000l\000a\000t\000i\000o\000n}{chapter.5}% 26
\BOOKMARK [1][-]{section.5.2}{\376\377\000A\000P\000I\000\040\000-\000\040\000m\000u\000s\000i\000c\000t\000h\000e\000o\000r\000y}{chapter.5}% 27
\BOOKMARK [0][-]{chapter*.20}{\376\377\000B\000i\000b\000l\000i\000o\000g\000r\000a\000p\000h\000y}{}% 28
\BOOKMARK [0][-]{section*.21}{\376\377\000P\000y\000t\000h\000o\000n\000\040\000M\000o\000d\000u\000l\000e\000\040\000I\000n\000d\000e\000x}{}% 29
\BOOKMARK [0][-]{section*.22}{\376\377\000I\000n\000d\000e\000x}{}% 30
