\BOOKMARK [0][-]{chapter.1}{\376\377\000I\000n\000t\000r\000o\000d\000u\000c\000t\000i\000o\000n}{}% 1
\BOOKMARK [1][-]{section.1.1}{\376\377\000W\000h\000a\000t\000\040\000i\000s\000\040\000C\000M\000?}{chapter.1}% 2
\BOOKMARK [1][-]{section.1.2}{\376\377\000G\000e\000n\000e\000r\000a\000l\000\040\000n\000o\000t\000e\000s}{chapter.1}% 3
\BOOKMARK [1][-]{section.1.3}{\376\377\000N\000o\000t\000e\000s\000\040\000\050\000o\000l\000d\000\051}{chapter.1}% 4
\BOOKMARK [0][-]{chapter.2}{\376\377\000F\000u\000n\000d\000a\000m\000e\000n\000t\000a\000l\000s}{}% 5
\BOOKMARK [1][-]{section.2.1}{\376\377\000R\000e\000p\000r\000e\000s\000e\000n\000t\000a\000t\000i\000o\000n\000s\000\040\000a\000n\000d\000\040\000F\000o\000r\000m\000a\000t\000s}{chapter.2}% 6
\BOOKMARK [2][-]{subsection.2.1.1}{\376\377\000S\000c\000o\000r\000e\000s}{section.2.1}% 7
\BOOKMARK [2][-]{subsection.2.1.2}{\376\377\000C\000h\000o\000r\000d\000s}{section.2.1}% 8
\BOOKMARK [1][-]{section.2.2}{\376\377\000T\000o\000n\000e\000s\000,\000\040\000p\000i\000t\000c\000h\000e\000s\000,\000\040\000p\000i\000t\000c\000h\000\040\000c\000l\000a\000s\000s\000e\000s}{chapter.2}% 9
\BOOKMARK [2][-]{subsection.2.2.1}{\376\377\000T\000o\000n\000e\000s}{section.2.2}% 10
\BOOKMARK [2][-]{subsection.2.2.2}{\376\377\000p\000i\000t\000c\000h\000e\000s\000\040\000/\000\040\000p\000i\000t\000c\000h\000\040\000c\000l\000a\000s\000s\000e\000s\000\040\000/\000\040\000p\000i\000t\000c\000h\000\040\000c\000l\000a\000s\000s\000\040\000s\000e\000t\000s}{section.2.2}% 11
\BOOKMARK [2][-]{subsection.2.2.3}{\376\377\000G\000I\000S\000s}{section.2.2}% 12
\BOOKMARK [2][-]{subsection.2.2.4}{\376\377\000E\000u\000l\000e\000r\000\040\000S\000p\000a\000c\000e\000\040\000/\000\040\000T\000o\000n\000n\000e\000t\000z\000\040\000/\000\040\000T\000o\000n\000a\000l\000\040\000S\000p\000a\000c\000e}{section.2.2}% 13
\BOOKMARK [2][-]{subsection.2.2.5}{\376\377\000F\000r\000e\000q\000u\000e\000n\000c\000y\000\040\000/\000\040\000T\000e\000m\000p\000e\000r\000a\000m\000e\000n\000t}{section.2.2}% 14
\BOOKMARK [1][-]{section.2.3}{\376\377\000T\000i\000m\000e}{chapter.2}% 15
\BOOKMARK [2][-]{subsection.2.3.1}{\376\377\000N\000o\000t\000e\000s}{section.2.3}% 16
\BOOKMARK [2][-]{subsection.2.3.2}{\376\377\000R\000h\000y\000t\000h\000m}{section.2.3}% 17
\BOOKMARK [2][-]{subsection.2.3.3}{\376\377\000M\000e\000t\000e\000r}{section.2.3}% 18
\BOOKMARK [2][-]{subsection.2.3.4}{\376\377\000M\000u\000s\000i\000c\000a\000l\000\040\000t\000i\000m\000e\000\040\000v\000s\000.\000\040\000p\000e\000r\000f\000o\000r\000m\000a\000n\000c\000e\000\040\000t\000i\000m\000e}{section.2.3}% 19
\BOOKMARK [0][-]{chapter.3}{\376\377\000M\000o\000d\000e\000l\000i\000n\000g\000\040\000m\000u\000s\000i\000c\000a\000l\000\040\000s\000e\000q\000u\000e\000n\000c\000e\000s}{}% 20
\BOOKMARK [1][-]{section.3.1}{\376\377\000R\000e\000g\000u\000l\000a\000r\000\040\000E\000x\000p\000r\000e\000s\000s\000i\000o\000n\000s}{chapter.3}% 21
\BOOKMARK [1][-]{section.3.2}{\376\377\000n\000-\000g\000r\000a\000m\000\040\000m\000o\000d\000e\000l\000s}{chapter.3}% 22
\BOOKMARK [1][-]{section.3.3}{\376\377\000H\000i\000d\000d\000e\000n\000\040\000M\000a\000r\000k\000o\000v\000\040\000m\000o\000d\000e\000l\000s}{chapter.3}% 23
\BOOKMARK [1][-]{section.3.4}{\376\377\000P\000r\000o\000b\000a\000b\000i\000l\000i\000s\000t\000i\000c\000\040\000C\000o\000n\000t\000e\000x\000t\000-\000F\000r\000e\000e\000\040\000G\000r\000a\000m\000m\000a\000r\000s}{chapter.3}% 24
\BOOKMARK [1][-]{section.3.5}{\376\377\000M\000o\000r\000e\000\040\000a\000d\000v\000a\000n\000c\000e\000d\000\040\000m\000o\000d\000e\000l\000s}{chapter.3}% 25
\BOOKMARK [0][-]{chapter.4}{\376\377\000A\000d\000v\000a\000n\000c\000e\000d\000\040\000a\000p\000p\000l\000i\000c\000a\000t\000i\000o\000n\000s}{}% 26
\BOOKMARK [1][-]{section.4.1}{\376\377\000S\000t\000y\000l\000e\000\040\000\050\000c\000l\000a\000s\000s\000i\000f\000i\000c\000a\000t\000i\000o\000n\000\051}{chapter.4}% 27
\BOOKMARK [2][-]{subsection.4.1.1}{\376\377\000F\000e\000a\000t\000u\000r\000e\000\040\000c\000l\000u\000s\000t\000e\000r\000i\000n\000g}{section.4.1}% 28
\BOOKMARK [2][-]{subsection.4.1.2}{\376\377\000H\000i\000e\000r\000a\000r\000c\000h\000i\000c\000a\000l\000\040\000c\000l\000u\000s\000t\000e\000r\000i\000n\000g}{section.4.1}% 29
\BOOKMARK [1][-]{section.4.2}{\376\377\000H\000i\000s\000t\000o\000r\000y}{chapter.4}% 30
\BOOKMARK [1][-]{section.4.3}{\376\377\000P\000e\000r\000f\000o\000r\000m\000a\000n\000c\000e}{chapter.4}% 31
\BOOKMARK [0][-]{chapter.5}{\376\377\000D\000e\000v\000e\000l\000o\000p\000e\000r\000s}{}% 32
\BOOKMARK [1][-]{section.5.1}{\376\377\000I\000n\000s\000t\000a\000l\000l\000a\000t\000i\000o\000n}{chapter.5}% 33
\BOOKMARK [1][-]{section.5.2}{\376\377\000A\000P\000I}{chapter.5}% 34
\BOOKMARK [2][-]{subsection.5.2.1}{\376\377\000T\000o\000n\000e}{section.5.2}% 35
\BOOKMARK [2][-]{subsection.5.2.2}{\376\377\000I\000n\000t\000e\000r\000v\000a\000l}{section.5.2}% 36
\BOOKMARK [0][-]{chapter.6}{\376\377\000I\000n\000d\000i\000c\000e\000s\000\040\000a\000n\000d\000\040\000t\000a\000b\000l\000e\000s}{}% 37
\BOOKMARK [0][-]{section*.14}{\376\377\000I\000n\000d\000e\000x}{}% 38
